<?xml version="1.0" encoding="UTF-8"?>
<testsuite name="git.io.kata.ComputerTests" tests="1" skipped="0" failures="0" errors="0" timestamp="2022-11-26T11:03:07" hostname="JUNYY" time="0.009">
  <properties/>
  <testcase name="adfS()" classname="git.io.kata.ComputerTests" time="0.009"/>
  <system-out><![CDATA[[I@37313c65
]]></system-out>
  <system-err><![CDATA[]]></system-err>
</testsuite>
